opened convpng.ini

--- sprites (C) ---
using built-in xlibc palette ...
18:
 heart : converted!
 heart_green : converted!
 diamond : converted!
 diamond_green : converted!
 spade : converted!
 spade_green : converted!
 clover : converted!
 clover_green : converted!
 king : converted!
 queen : converted!
 jack : converted!
 ace : converted!
 back1 : converted!
 back2 : converted!
 back3 : converted!
 back4 : converted!
 back5 : converted!
 back6 : converted!

converted in 0 s

[warning] image quality might be too low.
please try grouping similar images, reducing image colors, 
or selecting a better palette if conversion is not ideal.

finished!
